  Menu.cpp
\\mac\home\documents\visual studio 2015\projects\kourspaper\courspaper\courspaper\menu.cpp(131): warning C4996: 'scanf': This function or variable may be unsafe. Consider using scanf_s instead. To disable deprecation, use _CRT_SECURE_NO_WARNINGS. See online help for details.
  c:\program files (x86)\windows kits\10\include\10.0.10240.0\ucrt\stdio.h(1270): note:  см. объявление "scanf"
\\mac\home\documents\visual studio 2015\projects\kourspaper\courspaper\courspaper\menu.cpp(133): warning C4996: 'scanf': This function or variable may be unsafe. Consider using scanf_s instead. To disable deprecation, use _CRT_SECURE_NO_WARNINGS. See online help for details.
  c:\program files (x86)\windows kits\10\include\10.0.10240.0\ucrt\stdio.h(1270): note:  см. объявление "scanf"
\\mac\home\documents\visual studio 2015\projects\kourspaper\courspaper\courspaper\menu.cpp(134): warning C4996: 'strcpy': This function or variable may be unsafe. Consider using strcpy_s instead. To disable deprecation, use _CRT_SECURE_NO_WARNINGS. See online help for details.
  c:\program files (x86)\windows kits\10\include\10.0.10240.0\ucrt\string.h(119): note:  см. объявление "strcpy"
\\mac\home\documents\visual studio 2015\projects\kourspaper\courspaper\courspaper\menu.cpp(135): warning C4996: 'strcat': This function or variable may be unsafe. Consider using strcat_s instead. To disable deprecation, use _CRT_SECURE_NO_WARNINGS. See online help for details.
  c:\program files (x86)\windows kits\10\include\10.0.10240.0\ucrt\string.h(90): note:  см. объявление "strcat"
\\mac\home\documents\visual studio 2015\projects\kourspaper\courspaper\courspaper\menu.cpp(139): warning C4996: 'scanf': This function or variable may be unsafe. Consider using scanf_s instead. To disable deprecation, use _CRT_SECURE_NO_WARNINGS. See online help for details.
  c:\program files (x86)\windows kits\10\include\10.0.10240.0\ucrt\stdio.h(1270): note:  см. объявление "scanf"
\\mac\home\documents\visual studio 2015\projects\kourspaper\courspaper\courspaper\menu.cpp(140): warning C4996: 'strcpy': This function or variable may be unsafe. Consider using strcpy_s instead. To disable deprecation, use _CRT_SECURE_NO_WARNINGS. See online help for details.
  c:\program files (x86)\windows kits\10\include\10.0.10240.0\ucrt\string.h(119): note:  см. объявление "strcpy"
\\mac\home\documents\visual studio 2015\projects\kourspaper\courspaper\courspaper\menu.cpp(141): warning C4996: 'strcat': This function or variable may be unsafe. Consider using strcat_s instead. To disable deprecation, use _CRT_SECURE_NO_WARNINGS. See online help for details.
  c:\program files (x86)\windows kits\10\include\10.0.10240.0\ucrt\string.h(90): note:  см. объявление "strcat"
\\mac\home\documents\visual studio 2015\projects\kourspaper\courspaper\courspaper\menu.cpp(145): warning C4996: 'scanf': This function or variable may be unsafe. Consider using scanf_s instead. To disable deprecation, use _CRT_SECURE_NO_WARNINGS. See online help for details.
  c:\program files (x86)\windows kits\10\include\10.0.10240.0\ucrt\stdio.h(1270): note:  см. объявление "scanf"
\\mac\home\documents\visual studio 2015\projects\kourspaper\courspaper\courspaper\menu.cpp(146): warning C4996: 'strcpy': This function or variable may be unsafe. Consider using strcpy_s instead. To disable deprecation, use _CRT_SECURE_NO_WARNINGS. See online help for details.
  c:\program files (x86)\windows kits\10\include\10.0.10240.0\ucrt\string.h(119): note:  см. объявление "strcpy"
\\mac\home\documents\visual studio 2015\projects\kourspaper\courspaper\courspaper\menu.cpp(147): warning C4996: 'strcat': This function or variable may be unsafe. Consider using strcat_s instead. To disable deprecation, use _CRT_SECURE_NO_WARNINGS. See online help for details.
  c:\program files (x86)\windows kits\10\include\10.0.10240.0\ucrt\string.h(90): note:  см. объявление "strcat"
\\mac\home\documents\visual studio 2015\projects\kourspaper\courspaper\courspaper\menu.cpp(151): warning C4996: 'scanf': This function or variable may be unsafe. Consider using scanf_s instead. To disable deprecation, use _CRT_SECURE_NO_WARNINGS. See online help for details.
  c:\program files (x86)\windows kits\10\include\10.0.10240.0\ucrt\stdio.h(1270): note:  см. объявление "scanf"
\\mac\home\documents\visual studio 2015\projects\kourspaper\courspaper\courspaper\menu.cpp(152): warning C4996: 'strcpy': This function or variable may be unsafe. Consider using strcpy_s instead. To disable deprecation, use _CRT_SECURE_NO_WARNINGS. See online help for details.
  c:\program files (x86)\windows kits\10\include\10.0.10240.0\ucrt\string.h(119): note:  см. объявление "strcpy"
\\mac\home\documents\visual studio 2015\projects\kourspaper\courspaper\courspaper\menu.cpp(153): warning C4996: 'strcat': This function or variable may be unsafe. Consider using strcat_s instead. To disable deprecation, use _CRT_SECURE_NO_WARNINGS. See online help for details.
  c:\program files (x86)\windows kits\10\include\10.0.10240.0\ucrt\string.h(90): note:  см. объявление "strcat"
\\mac\home\documents\visual studio 2015\projects\kourspaper\courspaper\courspaper\menu.cpp(157): warning C4996: 'scanf': This function or variable may be unsafe. Consider using scanf_s instead. To disable deprecation, use _CRT_SECURE_NO_WARNINGS. See online help for details.
  c:\program files (x86)\windows kits\10\include\10.0.10240.0\ucrt\stdio.h(1270): note:  см. объявление "scanf"
\\mac\home\documents\visual studio 2015\projects\kourspaper\courspaper\courspaper\menu.cpp(158): warning C4996: 'strcpy': This function or variable may be unsafe. Consider using strcpy_s instead. To disable deprecation, use _CRT_SECURE_NO_WARNINGS. See online help for details.
  c:\program files (x86)\windows kits\10\include\10.0.10240.0\ucrt\string.h(119): note:  см. объявление "strcpy"
\\mac\home\documents\visual studio 2015\projects\kourspaper\courspaper\courspaper\menu.cpp(159): warning C4996: 'strcat': This function or variable may be unsafe. Consider using strcat_s instead. To disable deprecation, use _CRT_SECURE_NO_WARNINGS. See online help for details.
  c:\program files (x86)\windows kits\10\include\10.0.10240.0\ucrt\string.h(90): note:  см. объявление "strcat"
\\mac\home\documents\visual studio 2015\projects\kourspaper\courspaper\courspaper\menu.cpp(163): warning C4996: 'strcpy': This function or variable may be unsafe. Consider using strcpy_s instead. To disable deprecation, use _CRT_SECURE_NO_WARNINGS. See online help for details.
  c:\program files (x86)\windows kits\10\include\10.0.10240.0\ucrt\string.h(119): note:  см. объявление "strcpy"
\\mac\home\documents\visual studio 2015\projects\kourspaper\courspaper\courspaper\menu.cpp(168): warning C4996: 'strcpy': This function or variable may be unsafe. Consider using strcpy_s instead. To disable deprecation, use _CRT_SECURE_NO_WARNINGS. See online help for details.
  c:\program files (x86)\windows kits\10\include\10.0.10240.0\ucrt\string.h(119): note:  см. объявление "strcpy"
\\mac\home\documents\visual studio 2015\projects\kourspaper\courspaper\courspaper\menu.cpp(172): warning C4996: 'strcpy': This function or variable may be unsafe. Consider using strcpy_s instead. To disable deprecation, use _CRT_SECURE_NO_WARNINGS. See online help for details.
  c:\program files (x86)\windows kits\10\include\10.0.10240.0\ucrt\string.h(119): note:  см. объявление "strcpy"
\\mac\home\documents\visual studio 2015\projects\kourspaper\courspaper\courspaper\menu.cpp(176): warning C4996: 'strcpy': This function or variable may be unsafe. Consider using strcpy_s instead. To disable deprecation, use _CRT_SECURE_NO_WARNINGS. See online help for details.
  c:\program files (x86)\windows kits\10\include\10.0.10240.0\ucrt\string.h(119): note:  см. объявление "strcpy"
\\mac\home\documents\visual studio 2015\projects\kourspaper\courspaper\courspaper\menu.cpp(180): warning C4996: 'strcpy': This function or variable may be unsafe. Consider using strcpy_s instead. To disable deprecation, use _CRT_SECURE_NO_WARNINGS. See online help for details.
  c:\program files (x86)\windows kits\10\include\10.0.10240.0\ucrt\string.h(119): note:  см. объявление "strcpy"
\\mac\home\documents\visual studio 2015\projects\kourspaper\courspaper\courspaper\menu.cpp(184): warning C4996: 'strcpy': This function or variable may be unsafe. Consider using strcpy_s instead. To disable deprecation, use _CRT_SECURE_NO_WARNINGS. See online help for details.
  c:\program files (x86)\windows kits\10\include\10.0.10240.0\ucrt\string.h(119): note:  см. объявление "strcpy"
\\mac\home\documents\visual studio 2015\projects\kourspaper\courspaper\courspaper\menu.cpp(188): warning C4996: 'strcpy': This function or variable may be unsafe. Consider using strcpy_s instead. To disable deprecation, use _CRT_SECURE_NO_WARNINGS. See online help for details.
  c:\program files (x86)\windows kits\10\include\10.0.10240.0\ucrt\string.h(119): note:  см. объявление "strcpy"
\\mac\home\documents\visual studio 2015\projects\kourspaper\courspaper\courspaper\menu.cpp(198): warning C4996: 'strcpy': This function or variable may be unsafe. Consider using strcpy_s instead. To disable deprecation, use _CRT_SECURE_NO_WARNINGS. See online help for details.
  c:\program files (x86)\windows kits\10\include\10.0.10240.0\ucrt\string.h(119): note:  см. объявление "strcpy"
\\mac\home\documents\visual studio 2015\projects\kourspaper\courspaper\courspaper\menu.cpp(13): warning C4101: path: неиспользованная локальная переменная
  courspaper.vcxproj -> \\Mac\Home\Documents\Visual Studio 2015\Projects\kourspaper\courspaper\Debug\courspaper.exe
  courspaper.vcxproj -> \\Mac\Home\Documents\Visual Studio 2015\Projects\kourspaper\courspaper\Debug\courspaper.pdb (Full PDB)
